{"C:\\Users\\Lisa\\repos\\UBSafe-Backend\\models\\alert.js": {"path":"C:\\Users\\Lisa\\repos\\UBSafe-Backend\\models\\alert.js","statementMap":{"0":{"start":{"line":1,"column":13},"end":{"line":1,"column":44}},"1":{"start":{"line":3,"column":19},"end":{"line":3,"column":20}},"2":{"start":{"line":4,"column":28},"end":{"line":4,"column":29}},"3":{"start":{"line":5,"column":20},"end":{"line":5,"column":21}},"4":{"start":{"line":6,"column":24},"end":{"line":6,"column":25}},"5":{"start":{"line":7,"column":17},"end":{"line":7,"column":18}},"6":{"start":{"line":8,"column":24},"end":{"line":8,"column":25}},"7":{"start":{"line":9,"column":27},"end":{"line":9,"column":28}},"8":{"start":{"line":10,"column":27},"end":{"line":10,"column":28}},"9":{"start":{"line":11,"column":23},"end":{"line":11,"column":24}},"10":{"start":{"line":15,"column":24},"end":{"line":15,"column":71}},"11":{"start":{"line":16,"column":4},"end":{"line":38,"column":7}},"12":{"start":{"line":17,"column":8},"end":{"line":20,"column":9}},"13":{"start":{"line":19,"column":12},"end":{"line":19,"column":53}},"14":{"start":{"line":21,"column":19},"end":{"line":21,"column":29}},"15":{"start":{"line":22,"column":21},"end":{"line":22,"column":63}},"16":{"start":{"line":23,"column":22},"end":{"line":23,"column":24}},"17":{"start":{"line":24,"column":22},"end":{"line":24,"column":23}},"18":{"start":{"line":25,"column":8},"end":{"line":37,"column":9}},"19":{"start":{"line":27,"column":12},"end":{"line":36,"column":15}},"20":{"start":{"line":28,"column":20},"end":{"line":28,"column":46}},"21":{"start":{"line":29,"column":20},"end":{"line":29,"column":30}},"22":{"start":{"line":30,"column":20},"end":{"line":33,"column":21}},"23":{"start":{"line":32,"column":24},"end":{"line":32,"column":41}},"24":{"start":{"line":35,"column":16},"end":{"line":35,"column":28}},"25":{"start":{"line":43,"column":4},"end":{"line":101,"column":5}},"26":{"start":{"line":46,"column":12},"end":{"line":49,"column":13}},"27":{"start":{"line":51,"column":12},"end":{"line":54,"column":13}},"28":{"start":{"line":56,"column":12},"end":{"line":59,"column":13}},"29":{"start":{"line":61,"column":12},"end":{"line":64,"column":13}},"30":{"start":{"line":66,"column":12},"end":{"line":69,"column":13}},"31":{"start":{"line":71,"column":12},"end":{"line":74,"column":13}},"32":{"start":{"line":76,"column":12},"end":{"line":83,"column":13}},"33":{"start":{"line":85,"column":12},"end":{"line":92,"column":13}},"34":{"start":{"line":94,"column":12},"end":{"line":99,"column":13}},"35":{"start":{"line":100,"column":17},"end":{"line":100,"column":56}},"36":{"start":{"line":106,"column":4},"end":{"line":106,"column":26}},"37":{"start":{"line":107,"column":4},"end":{"line":107,"column":27}},"38":{"start":{"line":108,"column":4},"end":{"line":108,"column":34}},"39":{"start":{"line":109,"column":4},"end":{"line":109,"column":34}},"40":{"start":{"line":114,"column":19},"end":{"line":114,"column":21}},"41":{"start":{"line":115,"column":4},"end":{"line":122,"column":5}},"42":{"start":{"line":117,"column":8},"end":{"line":120,"column":9}},"43":{"start":{"line":119,"column":12},"end":{"line":119,"column":21}},"44":{"start":{"line":121,"column":8},"end":{"line":121,"column":59}},"45":{"start":{"line":123,"column":4},"end":{"line":123,"column":20}},"46":{"start":{"line":126,"column":0},"end":{"line":143,"column":1}}},"fnMap":{"0":{"name":"sendNotifications","decl":{"start":{"line":13,"column":15},"end":{"line":13,"column":32}},"loc":{"start":{"line":14,"column":0},"end":{"line":39,"column":1}},"line":14},"1":{"name":"(anonymous_1)","decl":{"start":{"line":16,"column":23},"end":{"line":16,"column":24}},"loc":{"start":{"line":16,"column":44},"end":{"line":38,"column":5}},"line":16},"2":{"name":"(anonymous_2)","decl":{"start":{"line":27,"column":56},"end":{"line":27,"column":57}},"loc":{"start":{"line":27,"column":71},"end":{"line":34,"column":13}},"line":27},"3":{"name":"(anonymous_3)","decl":{"start":{"line":34,"column":21},"end":{"line":34,"column":22}},"loc":{"start":{"line":34,"column":28},"end":{"line":36,"column":13}},"line":34},"4":{"name":"createMessage","decl":{"start":{"line":41,"column":9},"end":{"line":41,"column":22}},"loc":{"start":{"line":42,"column":0},"end":{"line":102,"column":1}},"line":42},"5":{"name":"Notification","decl":{"start":{"line":104,"column":9},"end":{"line":104,"column":21}},"loc":{"start":{"line":105,"column":0},"end":{"line":110,"column":1}},"line":105},"6":{"name":"createNotifications","decl":{"start":{"line":112,"column":9},"end":{"line":112,"column":28}},"loc":{"start":{"line":113,"column":0},"end":{"line":124,"column":1}},"line":113}},"branchMap":{"0":{"loc":{"start":{"line":17,"column":8},"end":{"line":20,"column":9}},"type":"if","locations":[{"start":{"line":17,"column":8},"end":{"line":20,"column":9}},{"start":{"line":17,"column":8},"end":{"line":20,"column":9}}],"line":17},"1":{"loc":{"start":{"line":30,"column":20},"end":{"line":33,"column":21}},"type":"if","locations":[{"start":{"line":30,"column":20},"end":{"line":33,"column":21}},{"start":{"line":30,"column":20},"end":{"line":33,"column":21}}],"line":30},"2":{"loc":{"start":{"line":43,"column":4},"end":{"line":101,"column":5}},"type":"switch","locations":[{"start":{"line":45,"column":8},"end":{"line":49,"column":13}},{"start":{"line":50,"column":8},"end":{"line":54,"column":13}},{"start":{"line":55,"column":8},"end":{"line":59,"column":13}},{"start":{"line":60,"column":8},"end":{"line":64,"column":13}},{"start":{"line":65,"column":8},"end":{"line":69,"column":13}},{"start":{"line":70,"column":8},"end":{"line":74,"column":13}},{"start":{"line":75,"column":8},"end":{"line":83,"column":13}},{"start":{"line":84,"column":8},"end":{"line":92,"column":13}},{"start":{"line":93,"column":8},"end":{"line":99,"column":13}},{"start":{"line":100,"column":8},"end":{"line":100,"column":56}}],"line":43},"3":{"loc":{"start":{"line":108,"column":16},"end":{"line":108,"column":33}},"type":"cond-expr","locations":[{"start":{"line":108,"column":24},"end":{"line":108,"column":28}},{"start":{"line":108,"column":31},"end":{"line":108,"column":33}}],"line":108},"4":{"loc":{"start":{"line":109,"column":16},"end":{"line":109,"column":33}},"type":"cond-expr","locations":[{"start":{"line":109,"column":24},"end":{"line":109,"column":28}},{"start":{"line":109,"column":31},"end":{"line":109,"column":33}}],"line":109},"5":{"loc":{"start":{"line":117,"column":8},"end":{"line":120,"column":9}},"type":"if","locations":[{"start":{"line":117,"column":8},"end":{"line":120,"column":9}},{"start":{"line":117,"column":8},"end":{"line":120,"column":9}}],"line":117}},"s":{"0":1,"1":1,"2":1,"3":1,"4":1,"5":1,"6":1,"7":1,"8":1,"9":1,"10":2,"11":2,"12":2,"13":1,"14":1,"15":1,"16":1,"17":1,"18":1,"19":1,"20":0,"21":0,"22":0,"23":0,"24":0,"25":10,"26":1,"27":1,"28":1,"29":1,"30":1,"31":1,"32":1,"33":1,"34":1,"35":1,"36":1,"37":1,"38":1,"39":1,"40":2,"41":2,"42":2,"43":1,"44":1,"45":2,"46":1},"f":{"0":2,"1":2,"2":0,"3":0,"4":10,"5":1,"6":2},"b":{"0":[1,1],"1":[0,0],"2":[1,1,1,1,1,1,1,1,1,1],"3":[1,0],"4":[1,0],"5":[1,1]},"_coverageSchema":"332fd63041d2c1bcb487cc26dd0d5f7d97098a6c","hash":"787f837769db3a8a183aae9fbab35cdd0bbd490c"}
,"C:\\Users\\Lisa\\repos\\UBSafe-Backend\\models\\companionsession.js": {"path":"C:\\Users\\Lisa\\repos\\UBSafe-Backend\\models\\companionsession.js","statementMap":{"0":{"start":{"line":1,"column":11},"end":{"line":1,"column":27}},"1":{"start":{"line":2,"column":13},"end":{"line":2,"column":38}},"2":{"start":{"line":6,"column":21},"end":{"line":14,"column":5}},"3":{"start":{"line":15,"column":4},"end":{"line":15,"column":22}},"4":{"start":{"line":20,"column":25},"end":{"line":24,"column":5}},"5":{"start":{"line":25,"column":4},"end":{"line":25,"column":26}},"6":{"start":{"line":30,"column":4},"end":{"line":44,"column":7}},"7":{"start":{"line":31,"column":21},"end":{"line":31,"column":23}},"8":{"start":{"line":32,"column":27},"end":{"line":32,"column":28}},"9":{"start":{"line":33,"column":8},"end":{"line":43,"column":9}},"10":{"start":{"line":35,"column":12},"end":{"line":42,"column":41}},"11":{"start":{"line":36,"column":16},"end":{"line":36,"column":49}},"12":{"start":{"line":37,"column":16},"end":{"line":37,"column":31}},"13":{"start":{"line":38,"column":16},"end":{"line":41,"column":17}},"14":{"start":{"line":40,"column":20},"end":{"line":40,"column":36}},"15":{"start":{"line":42,"column":28},"end":{"line":42,"column":39}},"16":{"start":{"line":49,"column":4},"end":{"line":63,"column":7}},"17":{"start":{"line":50,"column":25},"end":{"line":50,"column":75}},"18":{"start":{"line":51,"column":31},"end":{"line":62,"column":14}},"19":{"start":{"line":53,"column":16},"end":{"line":58,"column":17}},"20":{"start":{"line":54,"column":20},"end":{"line":54,"column":61}},"21":{"start":{"line":57,"column":20},"end":{"line":57,"column":44}},"22":{"start":{"line":61,"column":20},"end":{"line":61,"column":32}},"23":{"start":{"line":69,"column":4},"end":{"line":79,"column":7}},"24":{"start":{"line":70,"column":8},"end":{"line":78,"column":37}},"25":{"start":{"line":72,"column":29},"end":{"line":72,"column":69}},"26":{"start":{"line":73,"column":12},"end":{"line":77,"column":45}},"27":{"start":{"line":76,"column":20},"end":{"line":76,"column":71}},"28":{"start":{"line":77,"column":32},"end":{"line":77,"column":43}},"29":{"start":{"line":78,"column":24},"end":{"line":78,"column":35}},"30":{"start":{"line":82,"column":0},"end":{"line":89,"column":1}}},"fnMap":{"0":{"name":"makeCompanionSession","decl":{"start":{"line":4,"column":9},"end":{"line":4,"column":29}},"loc":{"start":{"line":5,"column":0},"end":{"line":16,"column":1}},"line":5},"1":{"name":"makeSessionProfile","decl":{"start":{"line":18,"column":9},"end":{"line":18,"column":27}},"loc":{"start":{"line":19,"column":0},"end":{"line":26,"column":1}},"line":19},"2":{"name":"getWatcherTokensFromIDs","decl":{"start":{"line":28,"column":15},"end":{"line":28,"column":38}},"loc":{"start":{"line":29,"column":0},"end":{"line":45,"column":1}},"line":29},"3":{"name":"(anonymous_3)","decl":{"start":{"line":30,"column":23},"end":{"line":30,"column":24}},"loc":{"start":{"line":30,"column":50},"end":{"line":44,"column":5}},"line":30},"4":{"name":"(anonymous_4)","decl":{"start":{"line":35,"column":45},"end":{"line":35,"column":46}},"loc":{"start":{"line":35,"column":56},"end":{"line":42,"column":13}},"line":35},"5":{"name":"(anonymous_5)","decl":{"start":{"line":42,"column":21},"end":{"line":42,"column":22}},"loc":{"start":{"line":42,"column":28},"end":{"line":42,"column":39}},"line":42},"6":{"name":"getSession","decl":{"start":{"line":47,"column":15},"end":{"line":47,"column":25}},"loc":{"start":{"line":48,"column":0},"end":{"line":64,"column":1}},"line":48},"7":{"name":"(anonymous_7)","decl":{"start":{"line":49,"column":23},"end":{"line":49,"column":24}},"loc":{"start":{"line":49,"column":44},"end":{"line":63,"column":5}},"line":49},"8":{"name":"(anonymous_8)","decl":{"start":{"line":52,"column":18},"end":{"line":52,"column":19}},"loc":{"start":{"line":52,"column":29},"end":{"line":59,"column":13}},"line":52},"9":{"name":"(anonymous_9)","decl":{"start":{"line":60,"column":19},"end":{"line":60,"column":20}},"loc":{"start":{"line":60,"column":26},"end":{"line":62,"column":13}},"line":60},"10":{"name":"createSession","decl":{"start":{"line":67,"column":15},"end":{"line":67,"column":28}},"loc":{"start":{"line":68,"column":0},"end":{"line":80,"column":1}},"line":68},"11":{"name":"(anonymous_11)","decl":{"start":{"line":69,"column":23},"end":{"line":69,"column":24}},"loc":{"start":{"line":69,"column":50},"end":{"line":79,"column":5}},"line":69},"12":{"name":"(anonymous_12)","decl":{"start":{"line":70,"column":48},"end":{"line":70,"column":49}},"loc":{"start":{"line":70,"column":61},"end":{"line":78,"column":9}},"line":70},"13":{"name":"(anonymous_13)","decl":{"start":{"line":75,"column":22},"end":{"line":75,"column":23}},"loc":{"start":{"line":75,"column":36},"end":{"line":77,"column":17}},"line":75},"14":{"name":"(anonymous_14)","decl":{"start":{"line":77,"column":25},"end":{"line":77,"column":26}},"loc":{"start":{"line":77,"column":32},"end":{"line":77,"column":43}},"line":77},"15":{"name":"(anonymous_15)","decl":{"start":{"line":78,"column":17},"end":{"line":78,"column":18}},"loc":{"start":{"line":78,"column":24},"end":{"line":78,"column":35}},"line":78}},"branchMap":{"0":{"loc":{"start":{"line":38,"column":16},"end":{"line":41,"column":17}},"type":"if","locations":[{"start":{"line":38,"column":16},"end":{"line":41,"column":17}},{"start":{"line":38,"column":16},"end":{"line":41,"column":17}}],"line":38},"1":{"loc":{"start":{"line":53,"column":16},"end":{"line":58,"column":17}},"type":"if","locations":[{"start":{"line":53,"column":16},"end":{"line":58,"column":17}},{"start":{"line":53,"column":16},"end":{"line":58,"column":17}}],"line":53}},"s":{"0":1,"1":1,"2":0,"3":0,"4":1,"5":1,"6":1,"7":1,"8":1,"9":1,"10":5,"11":5,"12":5,"13":5,"14":1,"15":0,"16":0,"17":0,"18":0,"19":0,"20":0,"21":0,"22":0,"23":0,"24":0,"25":0,"26":0,"27":0,"28":0,"29":0,"30":1},"f":{"0":0,"1":1,"2":1,"3":1,"4":5,"5":0,"6":0,"7":0,"8":0,"9":0,"10":0,"11":0,"12":0,"13":0,"14":0,"15":0},"b":{"0":[1,4],"1":[0,0]},"_coverageSchema":"332fd63041d2c1bcb487cc26dd0d5f7d97098a6c","hash":"f1529250e85ec5254039a719306941f41a931e72"}
,"C:\\Users\\Lisa\\repos\\UBSafe-Backend\\models\\location.js": {"path":"C:\\Users\\Lisa\\repos\\UBSafe-Backend\\models\\location.js","statementMap":{"0":{"start":{"line":1,"column":11},"end":{"line":1,"column":27}},"1":{"start":{"line":2,"column":12},"end":{"line":2,"column":32}},"2":{"start":{"line":3,"column":13},"end":{"line":3,"column":38}},"3":{"start":{"line":8,"column":4},"end":{"line":25,"column":7}},"4":{"start":{"line":9,"column":25},"end":{"line":12,"column":10}},"5":{"start":{"line":13,"column":26},"end":{"line":13,"column":28}},"6":{"start":{"line":15,"column":8},"end":{"line":19,"column":11}},"7":{"start":{"line":16,"column":12},"end":{"line":18,"column":44}},"8":{"start":{"line":17,"column":16},"end":{"line":17,"column":39}},"9":{"start":{"line":18,"column":29},"end":{"line":18,"column":41}},"10":{"start":{"line":21,"column":8},"end":{"line":24,"column":11}},"11":{"start":{"line":22,"column":12},"end":{"line":22,"column":30}},"12":{"start":{"line":23,"column":12},"end":{"line":23,"column":33}},"13":{"start":{"line":31,"column":4},"end":{"line":37,"column":5}},"14":{"start":{"line":32,"column":22},"end":{"line":32,"column":43}},"15":{"start":{"line":33,"column":8},"end":{"line":33,"column":35}},"16":{"start":{"line":36,"column":8},"end":{"line":36,"column":59}},"17":{"start":{"line":40,"column":0},"end":{"line":40,"column":49}},"18":{"start":{"line":41,"column":0},"end":{"line":41,"column":47}}},"fnMap":{"0":{"name":"getNearbyUsers","decl":{"start":{"line":6,"column":15},"end":{"line":6,"column":29}},"loc":{"start":{"line":7,"column":0},"end":{"line":26,"column":1}},"line":7},"1":{"name":"(anonymous_1)","decl":{"start":{"line":8,"column":23},"end":{"line":8,"column":24}},"loc":{"start":{"line":8,"column":44},"end":{"line":25,"column":5}},"line":8},"2":{"name":"(anonymous_2)","decl":{"start":{"line":15,"column":35},"end":{"line":15,"column":36}},"loc":{"start":{"line":15,"column":75},"end":{"line":19,"column":9}},"line":15},"3":{"name":"(anonymous_3)","decl":{"start":{"line":16,"column":42},"end":{"line":16,"column":43}},"loc":{"start":{"line":16,"column":50},"end":{"line":18,"column":13}},"line":16},"4":{"name":"(anonymous_4)","decl":{"start":{"line":18,"column":21},"end":{"line":18,"column":22}},"loc":{"start":{"line":18,"column":28},"end":{"line":18,"column":42}},"line":18},"5":{"name":"(anonymous_5)","decl":{"start":{"line":21,"column":29},"end":{"line":21,"column":30}},"loc":{"start":{"line":21,"column":39},"end":{"line":24,"column":9}},"line":21},"6":{"name":"getUserLocation","decl":{"start":{"line":29,"column":15},"end":{"line":29,"column":30}},"loc":{"start":{"line":30,"column":0},"end":{"line":38,"column":1}},"line":30}},"branchMap":{},"s":{"0":2,"1":2,"2":2,"3":3,"4":3,"5":3,"6":3,"7":24,"8":24,"9":0,"10":3,"11":3,"12":3,"13":3,"14":3,"15":3,"16":1,"17":2,"18":2},"f":{"0":3,"1":3,"2":24,"3":24,"4":0,"5":3,"6":3},"b":{},"_coverageSchema":"332fd63041d2c1bcb487cc26dd0d5f7d97098a6c","hash":"51c99fa082dabadb832ff8ee3fc7ec23975c5be8"}
,"C:\\Users\\Lisa\\repos\\UBSafe-Backend\\models\\recommendation.js": {"path":"C:\\Users\\Lisa\\repos\\UBSafe-Backend\\models\\recommendation.js","statementMap":{"0":{"start":{"line":1,"column":12},"end":{"line":1,"column":32}},"1":{"start":{"line":2,"column":13},"end":{"line":2,"column":38}},"2":{"start":{"line":3,"column":15},"end":{"line":3,"column":44}},"3":{"start":{"line":8,"column":4},"end":{"line":18,"column":5}},"4":{"start":{"line":9,"column":19},"end":{"line":9,"column":45}},"5":{"start":{"line":10,"column":22},"end":{"line":10,"column":58}},"6":{"start":{"line":11,"column":23},"end":{"line":11,"column":39}},"7":{"start":{"line":12,"column":26},"end":{"line":12,"column":82}},"8":{"start":{"line":13,"column":19},"end":{"line":13,"column":71}},"9":{"start":{"line":14,"column":8},"end":{"line":14,"column":42}},"10":{"start":{"line":17,"column":8},"end":{"line":17,"column":71}},"11":{"start":{"line":23,"column":17},"end":{"line":23,"column":95}},"12":{"start":{"line":23,"column":44},"end":{"line":23,"column":94}},"13":{"start":{"line":24,"column":4},"end":{"line":24,"column":24}},"14":{"start":{"line":25,"column":4},"end":{"line":25,"column":36}},"15":{"start":{"line":25,"column":23},"end":{"line":25,"column":34}},"16":{"start":{"line":26,"column":4},"end":{"line":26,"column":17}},"17":{"start":{"line":32,"column":4},"end":{"line":35,"column":5}},"18":{"start":{"line":34,"column":8},"end":{"line":34,"column":21}},"19":{"start":{"line":36,"column":4},"end":{"line":39,"column":5}},"20":{"start":{"line":38,"column":8},"end":{"line":38,"column":21}},"21":{"start":{"line":40,"column":4},"end":{"line":43,"column":5}},"22":{"start":{"line":42,"column":8},"end":{"line":42,"column":20}},"23":{"start":{"line":44,"column":4},"end":{"line":47,"column":5}},"24":{"start":{"line":46,"column":8},"end":{"line":46,"column":20}},"25":{"start":{"line":48,"column":4},"end":{"line":51,"column":5}},"26":{"start":{"line":50,"column":8},"end":{"line":50,"column":20}},"27":{"start":{"line":52,"column":4},"end":{"line":52,"column":17}},"28":{"start":{"line":55,"column":0},"end":{"line":55,"column":55}}},"fnMap":{"0":{"name":"getRecommendations","decl":{"start":{"line":6,"column":15},"end":{"line":6,"column":33}},"loc":{"start":{"line":7,"column":0},"end":{"line":19,"column":1}},"line":7},"1":{"name":"filterRecommendations","decl":{"start":{"line":21,"column":9},"end":{"line":21,"column":30}},"loc":{"start":{"line":22,"column":0},"end":{"line":27,"column":1}},"line":22},"2":{"name":"(anonymous_2)","decl":{"start":{"line":23,"column":36},"end":{"line":23,"column":37}},"loc":{"start":{"line":23,"column":44},"end":{"line":23,"column":94}},"line":23},"3":{"name":"(anonymous_3)","decl":{"start":{"line":25,"column":15},"end":{"line":25,"column":16}},"loc":{"start":{"line":25,"column":23},"end":{"line":25,"column":34}},"line":25},"4":{"name":"matchesPreferences","decl":{"start":{"line":29,"column":9},"end":{"line":29,"column":27}},"loc":{"start":{"line":30,"column":0},"end":{"line":53,"column":1}},"line":30}},"branchMap":{"0":{"loc":{"start":{"line":32,"column":4},"end":{"line":35,"column":5}},"type":"if","locations":[{"start":{"line":32,"column":4},"end":{"line":35,"column":5}},{"start":{"line":32,"column":4},"end":{"line":35,"column":5}}],"line":32},"1":{"loc":{"start":{"line":36,"column":4},"end":{"line":39,"column":5}},"type":"if","locations":[{"start":{"line":36,"column":4},"end":{"line":39,"column":5}},{"start":{"line":36,"column":4},"end":{"line":39,"column":5}}],"line":36},"2":{"loc":{"start":{"line":36,"column":7},"end":{"line":36,"column":69}},"type":"binary-expr","locations":[{"start":{"line":36,"column":7},"end":{"line":36,"column":36}},{"start":{"line":36,"column":40},"end":{"line":36,"column":69}}],"line":36},"3":{"loc":{"start":{"line":40,"column":4},"end":{"line":43,"column":5}},"type":"if","locations":[{"start":{"line":40,"column":4},"end":{"line":43,"column":5}},{"start":{"line":40,"column":4},"end":{"line":43,"column":5}}],"line":40},"4":{"loc":{"start":{"line":40,"column":7},"end":{"line":40,"column":52}},"type":"binary-expr","locations":[{"start":{"line":40,"column":7},"end":{"line":40,"column":25}},{"start":{"line":40,"column":29},"end":{"line":40,"column":52}}],"line":40},"5":{"loc":{"start":{"line":44,"column":4},"end":{"line":47,"column":5}},"type":"if","locations":[{"start":{"line":44,"column":4},"end":{"line":47,"column":5}},{"start":{"line":44,"column":4},"end":{"line":47,"column":5}}],"line":44},"6":{"loc":{"start":{"line":44,"column":7},"end":{"line":44,"column":48}},"type":"binary-expr","locations":[{"start":{"line":44,"column":7},"end":{"line":44,"column":23}},{"start":{"line":44,"column":27},"end":{"line":44,"column":48}}],"line":44},"7":{"loc":{"start":{"line":48,"column":4},"end":{"line":51,"column":5}},"type":"if","locations":[{"start":{"line":48,"column":4},"end":{"line":51,"column":5}},{"start":{"line":48,"column":4},"end":{"line":51,"column":5}}],"line":48},"8":{"loc":{"start":{"line":48,"column":7},"end":{"line":48,"column":50}},"type":"binary-expr","locations":[{"start":{"line":48,"column":7},"end":{"line":48,"column":24}},{"start":{"line":48,"column":28},"end":{"line":48,"column":50}}],"line":48}},"s":{"0":1,"1":1,"2":1,"3":2,"4":2,"5":1,"6":1,"7":1,"8":1,"9":1,"10":1,"11":1,"12":8,"13":1,"14":1,"15":6,"16":1,"17":8,"18":1,"19":7,"20":1,"21":6,"22":0,"23":6,"24":0,"25":6,"26":4,"27":2,"28":1},"f":{"0":2,"1":1,"2":8,"3":6,"4":8},"b":{"0":[1,7],"1":[1,6],"2":[7,7],"3":[0,6],"4":[6,0],"5":[0,6],"6":[6,0],"7":[4,2],"8":[6,6]},"_coverageSchema":"332fd63041d2c1bcb487cc26dd0d5f7d97098a6c","hash":"a702ef3740282094776dd0b0a683509db9c6d38b"}
,"C:\\Users\\Lisa\\repos\\UBSafe-Backend\\models\\response.js": {"path":"C:\\Users\\Lisa\\repos\\UBSafe-Backend\\models\\response.js","statementMap":{"0":{"start":{"line":3,"column":4},"end":{"line":3,"column":23}},"1":{"start":{"line":4,"column":4},"end":{"line":4,"column":71}},"2":{"start":{"line":5,"column":4},"end":{"line":5,"column":42}},"3":{"start":{"line":7,"column":0},"end":{"line":7,"column":26}}},"fnMap":{"0":{"name":"Response","decl":{"start":{"line":1,"column":9},"end":{"line":1,"column":17}},"loc":{"start":{"line":2,"column":0},"end":{"line":6,"column":1}},"line":2}},"branchMap":{"0":{"loc":{"start":{"line":4,"column":24},"end":{"line":4,"column":70}},"type":"cond-expr","locations":[{"start":{"line":4,"column":32},"end":{"line":4,"column":64}},{"start":{"line":4,"column":68},"end":{"line":4,"column":70}}],"line":4},"1":{"loc":{"start":{"line":4,"column":32},"end":{"line":4,"column":64}},"type":"cond-expr","locations":[{"start":{"line":4,"column":47},"end":{"line":4,"column":58}},{"start":{"line":4,"column":61},"end":{"line":4,"column":64}}],"line":4},"2":{"loc":{"start":{"line":5,"column":24},"end":{"line":5,"column":41}},"type":"cond-expr","locations":[{"start":{"line":5,"column":32},"end":{"line":5,"column":36}},{"start":{"line":5,"column":39},"end":{"line":5,"column":41}}],"line":5}},"s":{"0":1,"1":1,"2":1,"3":1},"f":{"0":1},"b":{"0":[1,0],"1":[0,1],"2":[0,1]},"_coverageSchema":"332fd63041d2c1bcb487cc26dd0d5f7d97098a6c","hash":"dd1fcaf3e8f33d935e2444ab594b135c8d626e12"}
,"C:\\Users\\Lisa\\repos\\UBSafe-Backend\\models\\user.js": {"path":"C:\\Users\\Lisa\\repos\\UBSafe-Backend\\models\\user.js","statementMap":{"0":{"start":{"line":1,"column":11},"end":{"line":1,"column":27}},"1":{"start":{"line":5,"column":4},"end":{"line":15,"column":5}},"2":{"start":{"line":6,"column":19},"end":{"line":6,"column":65}},"3":{"start":{"line":7,"column":8},"end":{"line":10,"column":9}},"4":{"start":{"line":9,"column":12},"end":{"line":9,"column":64}},"5":{"start":{"line":11,"column":8},"end":{"line":11,"column":27}},"6":{"start":{"line":14,"column":8},"end":{"line":14,"column":61}},"7":{"start":{"line":20,"column":4},"end":{"line":26,"column":5}},"8":{"start":{"line":22,"column":23},"end":{"line":22,"column":24}},"9":{"start":{"line":23,"column":8},"end":{"line":23,"column":60}},"10":{"start":{"line":23,"column":45},"end":{"line":23,"column":57}},"11":{"start":{"line":24,"column":8},"end":{"line":24,"column":39}},"12":{"start":{"line":25,"column":8},"end":{"line":25,"column":19}},"13":{"start":{"line":27,"column":4},"end":{"line":27,"column":14}},"14":{"start":{"line":32,"column":19},"end":{"line":32,"column":21}},"15":{"start":{"line":33,"column":4},"end":{"line":35,"column":7}},"16":{"start":{"line":34,"column":8},"end":{"line":34,"column":42}},"17":{"start":{"line":36,"column":4},"end":{"line":36,"column":20}},"18":{"start":{"line":41,"column":17},"end":{"line":41,"column":19}},"19":{"start":{"line":42,"column":4},"end":{"line":44,"column":7}},"20":{"start":{"line":43,"column":8},"end":{"line":43,"column":35}},"21":{"start":{"line":45,"column":4},"end":{"line":45,"column":18}},"22":{"start":{"line":49,"column":4},"end":{"line":49,"column":30}},"23":{"start":{"line":50,"column":4},"end":{"line":50,"column":34}},"24":{"start":{"line":51,"column":4},"end":{"line":51,"column":24}},"25":{"start":{"line":52,"column":4},"end":{"line":52,"column":30}},"26":{"start":{"line":53,"column":4},"end":{"line":53,"column":30}},"27":{"start":{"line":56,"column":0},"end":{"line":62,"column":1}}},"fnMap":{"0":{"name":"getUser","decl":{"start":{"line":3,"column":15},"end":{"line":3,"column":22}},"loc":{"start":{"line":4,"column":0},"end":{"line":16,"column":1}},"line":4},"1":{"name":"getAvgRating","decl":{"start":{"line":18,"column":9},"end":{"line":18,"column":21}},"loc":{"start":{"line":19,"column":0},"end":{"line":28,"column":1}},"line":19},"2":{"name":"(anonymous_2)","decl":{"start":{"line":23,"column":35},"end":{"line":23,"column":36}},"loc":{"start":{"line":23,"column":44},"end":{"line":23,"column":58}},"line":23},"3":{"name":"getUserProfiles","decl":{"start":{"line":30,"column":9},"end":{"line":30,"column":24}},"loc":{"start":{"line":31,"column":0},"end":{"line":37,"column":1}},"line":31},"4":{"name":"(anonymous_4)","decl":{"start":{"line":33,"column":18},"end":{"line":33,"column":19}},"loc":{"start":{"line":33,"column":23},"end":{"line":35,"column":5}},"line":33},"5":{"name":"getDeviceTokens","decl":{"start":{"line":39,"column":9},"end":{"line":39,"column":24}},"loc":{"start":{"line":40,"column":0},"end":{"line":46,"column":1}},"line":40},"6":{"name":"(anonymous_6)","decl":{"start":{"line":42,"column":18},"end":{"line":42,"column":19}},"loc":{"start":{"line":42,"column":23},"end":{"line":44,"column":5}},"line":42},"7":{"name":"UserProfile","decl":{"start":{"line":48,"column":9},"end":{"line":48,"column":20}},"loc":{"start":{"line":48,"column":27},"end":{"line":54,"column":1}},"line":48}},"branchMap":{"0":{"loc":{"start":{"line":7,"column":8},"end":{"line":10,"column":9}},"type":"if","locations":[{"start":{"line":7,"column":8},"end":{"line":10,"column":9}},{"start":{"line":7,"column":8},"end":{"line":10,"column":9}}],"line":7},"1":{"loc":{"start":{"line":20,"column":4},"end":{"line":26,"column":5}},"type":"if","locations":[{"start":{"line":20,"column":4},"end":{"line":26,"column":5}},{"start":{"line":20,"column":4},"end":{"line":26,"column":5}}],"line":20}},"s":{"0":4,"1":33,"2":33,"3":33,"4":2,"5":31,"6":2,"7":2,"8":1,"9":1,"10":6,"11":1,"12":1,"13":1,"14":5,"15":5,"16":6,"17":5,"18":2,"19":2,"20":4,"21":2,"22":6,"23":6,"24":6,"25":6,"26":6,"27":4},"f":{"0":33,"1":2,"2":6,"3":5,"4":6,"5":2,"6":4,"7":6},"b":{"0":[2,31],"1":[1,1]},"_coverageSchema":"332fd63041d2c1bcb487cc26dd0d5f7d97098a6c","hash":"21fe2e13d20db4a74c8825fa6e2519e57cbb6087"}
,"C:\\Users\\Lisa\\repos\\UBSafe-Backend\\tests\\test_db.js": {"path":"C:\\Users\\Lisa\\repos\\UBSafe-Backend\\tests\\test_db.js","statementMap":{"0":{"start":{"line":3,"column":14},"end":{"line":3,"column":39}},"1":{"start":{"line":4,"column":17},"end":{"line":4,"column":46}},"2":{"start":{"line":5,"column":21},"end":{"line":5,"column":57}},"3":{"start":{"line":7,"column":21},"end":{"line":7,"column":105}},"4":{"start":{"line":9,"column":0},"end":{"line":11,"column":3}},"5":{"start":{"line":12,"column":9},"end":{"line":12,"column":26}},"6":{"start":{"line":13,"column":0},"end":{"line":13,"column":22}},"7":{"start":{"line":16,"column":22},"end":{"line":16,"column":53}},"8":{"start":{"line":18,"column":14},"end":{"line":18,"column":45}},"9":{"start":{"line":28,"column":0},"end":{"line":28,"column":20}},"10":{"start":{"line":29,"column":0},"end":{"line":29,"column":29}},"11":{"start":{"line":30,"column":0},"end":{"line":30,"column":43}}},"fnMap":{},"branchMap":{},"s":{"0":4,"1":4,"2":4,"3":4,"4":4,"5":4,"6":4,"7":4,"8":4,"9":4,"10":4,"11":4},"f":{},"b":{},"_coverageSchema":"332fd63041d2c1bcb487cc26dd0d5f7d97098a6c","hash":"7cd09c9581e4165845aedebbd9ea186dafc07e6d"}
,"C:\\Users\\Lisa\\repos\\UBSafe-Backend\\tests\\testdata.js": {"path":"C:\\Users\\Lisa\\repos\\UBSafe-Backend\\tests\\testdata.js","statementMap":{"0":{"start":{"line":1,"column":17},"end":{"line":1,"column":42}},"1":{"start":{"line":3,"column":16},"end":{"line":91,"column":1}},"2":{"start":{"line":93,"column":0},"end":{"line":95,"column":1}}},"fnMap":{},"branchMap":{},"s":{"0":1,"1":1,"2":1},"f":{},"b":{},"_coverageSchema":"332fd63041d2c1bcb487cc26dd0d5f7d97098a6c","hash":"5681e1f6f271a516071dbc92760dc2caa9bf3140"}
}
