TN:
SF:C:\Users\Lisa\repos\UBSafe-Backend\models\alert.js
FN:13,sendNotifications
FN:16,(anonymous_1)
FN:27,(anonymous_2)
FN:34,(anonymous_3)
FN:41,createMessage
FN:104,Notification
FN:112,createNotifications
FNF:7
FNH:5
FNDA:2,sendNotifications
FNDA:2,(anonymous_1)
FNDA:0,(anonymous_2)
FNDA:0,(anonymous_3)
FNDA:10,createMessage
FNDA:1,Notification
FNDA:2,createNotifications
DA:1,1
DA:3,1
DA:4,1
DA:5,1
DA:6,1
DA:7,1
DA:8,1
DA:9,1
DA:10,1
DA:11,1
DA:15,2
DA:16,2
DA:17,2
DA:19,1
DA:21,1
DA:22,1
DA:23,1
DA:24,1
DA:25,1
DA:27,1
DA:28,0
DA:29,0
DA:30,0
DA:32,0
DA:35,0
DA:43,10
DA:46,1
DA:51,1
DA:56,1
DA:61,1
DA:66,1
DA:71,1
DA:76,1
DA:85,1
DA:94,1
DA:100,1
DA:106,1
DA:107,1
DA:108,1
DA:109,1
DA:114,2
DA:115,2
DA:117,2
DA:119,1
DA:121,1
DA:123,2
DA:126,1
LF:47
LH:42
BRDA:17,0,0,1
BRDA:17,0,1,1
BRDA:30,1,0,0
BRDA:30,1,1,0
BRDA:43,2,0,1
BRDA:43,2,1,1
BRDA:43,2,2,1
BRDA:43,2,3,1
BRDA:43,2,4,1
BRDA:43,2,5,1
BRDA:43,2,6,1
BRDA:43,2,7,1
BRDA:43,2,8,1
BRDA:43,2,9,1
BRDA:108,3,0,1
BRDA:108,3,1,0
BRDA:109,4,0,1
BRDA:109,4,1,0
BRDA:117,5,0,1
BRDA:117,5,1,1
BRF:20
BRH:16
end_of_record
TN:
SF:C:\Users\Lisa\repos\UBSafe-Backend\models\companionsession.js
FN:4,makeCompanionSession
FN:18,makeSessionProfile
FN:28,getWatcherTokensFromIDs
FN:30,(anonymous_3)
FN:35,(anonymous_4)
FN:42,(anonymous_5)
FN:47,getSession
FN:49,(anonymous_7)
FN:52,(anonymous_8)
FN:60,(anonymous_9)
FN:67,createSession
FN:69,(anonymous_11)
FN:70,(anonymous_12)
FN:75,(anonymous_13)
FN:77,(anonymous_14)
FN:78,(anonymous_15)
FNF:16
FNH:4
FNDA:0,makeCompanionSession
FNDA:1,makeSessionProfile
FNDA:1,getWatcherTokensFromIDs
FNDA:1,(anonymous_3)
FNDA:5,(anonymous_4)
FNDA:0,(anonymous_5)
FNDA:0,getSession
FNDA:0,(anonymous_7)
FNDA:0,(anonymous_8)
FNDA:0,(anonymous_9)
FNDA:0,createSession
FNDA:0,(anonymous_11)
FNDA:0,(anonymous_12)
FNDA:0,(anonymous_13)
FNDA:0,(anonymous_14)
FNDA:0,(anonymous_15)
DA:1,1
DA:2,1
DA:6,0
DA:15,0
DA:20,1
DA:25,1
DA:30,1
DA:31,1
DA:32,1
DA:33,1
DA:35,5
DA:36,5
DA:37,5
DA:38,5
DA:40,1
DA:42,0
DA:49,0
DA:50,0
DA:51,0
DA:53,0
DA:54,0
DA:57,0
DA:61,0
DA:69,0
DA:70,0
DA:72,0
DA:73,0
DA:76,0
DA:77,0
DA:78,0
DA:82,1
LF:31
LH:14
BRDA:38,0,0,1
BRDA:38,0,1,4
BRDA:53,1,0,0
BRDA:53,1,1,0
BRF:4
BRH:2
end_of_record
TN:
SF:C:\Users\Lisa\repos\UBSafe-Backend\models\location.js
FN:6,getNearbyUsers
FN:8,(anonymous_1)
FN:15,(anonymous_2)
FN:16,(anonymous_3)
FN:18,(anonymous_4)
FN:21,(anonymous_5)
FN:29,getUserLocation
FNF:7
FNH:6
FNDA:3,getNearbyUsers
FNDA:3,(anonymous_1)
FNDA:24,(anonymous_2)
FNDA:24,(anonymous_3)
FNDA:0,(anonymous_4)
FNDA:3,(anonymous_5)
FNDA:3,getUserLocation
DA:1,2
DA:2,2
DA:3,2
DA:8,3
DA:9,3
DA:13,3
DA:15,3
DA:16,24
DA:17,24
DA:18,0
DA:21,3
DA:22,3
DA:23,3
DA:31,3
DA:32,3
DA:33,3
DA:36,1
DA:40,2
DA:41,2
LF:19
LH:18
BRF:0
BRH:0
end_of_record
TN:
SF:C:\Users\Lisa\repos\UBSafe-Backend\models\recommendation.js
FN:6,getRecommendations
FN:21,filterRecommendations
FN:23,(anonymous_2)
FN:25,(anonymous_3)
FN:29,matchesPreferences
FNF:5
FNH:5
FNDA:2,getRecommendations
FNDA:1,filterRecommendations
FNDA:8,(anonymous_2)
FNDA:6,(anonymous_3)
FNDA:8,matchesPreferences
DA:1,1
DA:2,1
DA:3,1
DA:8,2
DA:9,2
DA:10,1
DA:11,1
DA:12,1
DA:13,1
DA:14,1
DA:17,1
DA:23,8
DA:24,1
DA:25,6
DA:26,1
DA:32,8
DA:34,1
DA:36,7
DA:38,1
DA:40,6
DA:42,0
DA:44,6
DA:46,0
DA:48,6
DA:50,4
DA:52,2
DA:55,1
LF:27
LH:25
BRDA:32,0,0,1
BRDA:32,0,1,7
BRDA:36,1,0,1
BRDA:36,1,1,6
BRDA:36,2,0,7
BRDA:36,2,1,7
BRDA:40,3,0,0
BRDA:40,3,1,6
BRDA:40,4,0,6
BRDA:40,4,1,0
BRDA:44,5,0,0
BRDA:44,5,1,6
BRDA:44,6,0,6
BRDA:44,6,1,0
BRDA:48,7,0,4
BRDA:48,7,1,2
BRDA:48,8,0,6
BRDA:48,8,1,6
BRF:18
BRH:14
end_of_record
TN:
SF:C:\Users\Lisa\repos\UBSafe-Backend\models\response.js
FN:1,Response
FNF:1
FNH:1
FNDA:1,Response
DA:3,1
DA:4,1
DA:5,1
DA:7,1
LF:4
LH:4
BRDA:4,0,0,1
BRDA:4,0,1,0
BRDA:4,1,0,0
BRDA:4,1,1,1
BRDA:5,2,0,0
BRDA:5,2,1,1
BRF:6
BRH:3
end_of_record
TN:
SF:C:\Users\Lisa\repos\UBSafe-Backend\models\user.js
FN:3,getUser
FN:18,getAvgRating
FN:23,(anonymous_2)
FN:30,getUserProfiles
FN:33,(anonymous_4)
FN:39,getDeviceTokens
FN:42,(anonymous_6)
FN:48,UserProfile
FNF:8
FNH:8
FNDA:33,getUser
FNDA:2,getAvgRating
FNDA:6,(anonymous_2)
FNDA:5,getUserProfiles
FNDA:6,(anonymous_4)
FNDA:2,getDeviceTokens
FNDA:4,(anonymous_6)
FNDA:6,UserProfile
DA:1,4
DA:5,33
DA:6,33
DA:7,33
DA:9,2
DA:11,31
DA:14,2
DA:20,2
DA:22,1
DA:23,6
DA:24,1
DA:25,1
DA:27,1
DA:32,5
DA:33,5
DA:34,6
DA:36,5
DA:41,2
DA:42,2
DA:43,4
DA:45,2
DA:49,6
DA:50,6
DA:51,6
DA:52,6
DA:53,6
DA:56,4
LF:27
LH:27
BRDA:7,0,0,2
BRDA:7,0,1,31
BRDA:20,1,0,1
BRDA:20,1,1,1
BRF:4
BRH:4
end_of_record
TN:
SF:C:\Users\Lisa\repos\UBSafe-Backend\tests\test_db.js
FNF:0
FNH:0
DA:3,4
DA:4,4
DA:5,4
DA:7,4
DA:9,4
DA:12,4
DA:13,4
DA:16,4
DA:18,4
DA:28,4
DA:29,4
DA:30,4
LF:12
LH:12
BRF:0
BRH:0
end_of_record
TN:
SF:C:\Users\Lisa\repos\UBSafe-Backend\tests\testdata.js
FNF:0
FNH:0
DA:1,1
DA:3,1
DA:93,1
LF:3
LH:3
BRF:0
BRH:0
end_of_record
